2022-06-07 11:10:29 - [INFO] - Connecting to Db...  
2022-06-07 11:10:31 - [INFO] - Connected to DB...  
2022-06-07 11:10:47 - [INFO] - Connecting to Db...  
2022-06-07 11:10:49 - [INFO] - Connected to DB...  
2022-06-07 11:10:56 - [INFO] - New user started the bot: glyv9 - id: 1316429545  
2022-06-07 11:11:46 - [INFO] - Connecting to Db...  
2022-06-07 11:11:48 - [INFO] - Connected to DB...  
2022-06-07 11:12:05 - [INFO] - Connecting to Db...  
2022-06-07 11:12:07 - [INFO] - Connected to DB...  
2022-06-07 11:20:02 - [INFO] - Connecting to Db...  
2022-06-07 11:20:04 - [INFO] - Connected to DB...  
2022-06-07 11:30:03 - [INFO] - Connecting to Db...  
2022-06-07 11:30:06 - [INFO] - Connected to DB...  
2022-06-07 11:31:31 - [INFO] - Connecting to Db...  
2022-06-07 11:31:32 - [INFO] - Connected to DB...  
2022-06-07 11:34:59 - [INFO] - Connecting to Db...  
2022-06-07 11:35:01 - [INFO] - Connected to DB...  
2022-06-07 11:35:04 - [INFO] - Connecting to Db...  
2022-06-07 11:35:06 - [INFO] - Connected to DB...  
2022-06-07 11:45:29 - [INFO] - Connecting to Db...  
2022-06-07 11:45:31 - [INFO] - Connected to DB...  
2022-06-07 11:45:43 - [INFO] - Connecting to Db...  
2022-06-07 11:45:45 - [INFO] - Connected to DB...  
2022-06-07 11:47:27 - [INFO] - Connecting to Db...  
2022-06-07 11:47:29 - [INFO] - Connected to DB...  
2022-06-07 11:48:24 - [INFO] - Connecting to Db...  
2022-06-07 11:48:25 - [INFO] - Connected to DB...  
2022-06-07 11:48:36 - [INFO] - Connecting to Db...  
2022-06-07 11:48:38 - [INFO] - Connected to DB...  
2022-06-07 11:49:34 - [INFO] - Connecting to Db...  
2022-06-07 11:49:36 - [INFO] - Connecting to Db...  
2022-06-07 11:49:38 - [INFO] - Connected to DB...  
2022-06-07 11:49:53 - [INFO] - Connecting to Db...  
2022-06-07 11:49:58 - [INFO] - Connected to DB...  
2022-06-07 11:50:26 - [INFO] - Connecting to Db...  
2022-06-07 11:50:28 - [INFO] - Connected to DB...  
2022-06-07 11:50:32 - [INFO] - Connecting to Db...  
2022-06-07 11:50:34 - [INFO] - Connected to DB...  
2022-06-07 11:50:49 - [INFO] - Connecting to Db...  
2022-06-07 11:50:50 - [INFO] - Connected to DB...  
2022-06-07 11:50:55 - [INFO] - Connecting to Db...  
2022-06-07 11:50:57 - [INFO] - Connected to DB...  
2022-06-07 11:51:06 - [INFO] - Connecting to Db...  
2022-06-07 11:51:08 - [INFO] - Connected to DB...  
2022-06-07 11:51:11 - [INFO] - Connecting to Db...  
2022-06-07 11:51:13 - [INFO] - Connected to DB...  
2022-06-07 11:53:03 - [ERROR] - socialButtonsForRegistry is not defined   - ReferenceError: socialButtonsForRegistry is not defined
    at addSocial (file:///C:/Users/djeks/Desktop/TelegramBot/Scenes/Registry/handlers.js:93:15)
    at C:\Users\djeks\Desktop\TelegramBot\node_modules\telegraf\lib\composer.js:332:28
    at C:\Users\djeks\Desktop\TelegramBot\node_modules\telegraf\lib\composer.js:163:111
    at processTicksAndRejections (node:internal/process/task_queues:96:5)
    at async execute (C:\Users\djeks\Desktop\TelegramBot\node_modules\telegraf\lib\composer.js:468:17)
    at async C:\Users\djeks\Desktop\TelegramBot\node_modules\telegraf\lib\composer.js:469:21
    at async execute (C:\Users\djeks\Desktop\TelegramBot\node_modules\telegraf\lib\composer.js:468:17)
    at async C:\Users\djeks\Desktop\TelegramBot\node_modules\telegraf\lib\composer.js:469:21
    at async execute (C:\Users\djeks\Desktop\TelegramBot\node_modules\telegraf\lib\composer.js:468:17)
    at async C:\Users\djeks\Desktop\TelegramBot\node_modules\telegraf\lib\composer.js:469:21
2022-06-07 11:55:03 - [INFO] - Connecting to Db...  
2022-06-07 11:55:05 - [INFO] - Connected to DB...  
2022-06-07 11:58:32 - [INFO] - Connecting to Db...  
2022-06-07 11:58:34 - [INFO] - Connected to DB...  
2022-06-07 12:00:36 - [INFO] - Connecting to Db...  
2022-06-07 12:00:39 - [INFO] - Connecting to Db...  
2022-06-07 12:00:41 - [INFO] - Connected to DB...  
2022-06-07 12:03:34 - [INFO] - Connecting to Db...  
2022-06-07 12:03:36 - [INFO] - Connected to DB...  
2022-06-07 12:03:39 - [INFO] - Connecting to Db...  
2022-06-07 12:03:41 - [INFO] - Connected to DB...  
2022-06-07 12:04:06 - [INFO] - Connecting to Db...  
2022-06-07 12:04:08 - [INFO] - Connected to DB...  
2022-06-07 12:04:51 - [INFO] - Connecting to Db...  
2022-06-07 12:04:53 - [INFO] - Connected to DB...  
2022-06-07 12:06:12 - [INFO] - Connecting to Db...  
2022-06-07 12:06:14 - [INFO] - Connected to DB...  
2022-06-07 12:06:57 - [INFO] - Connecting to Db...  
2022-06-07 12:06:59 - [INFO] - Connected to DB...  
2022-06-07 12:17:09 - [INFO] - Connecting to Db...  
2022-06-07 12:17:10 - [INFO] - Connected to DB...  
2022-06-07 12:19:02 - [INFO] - Connecting to Db...  
2022-06-07 12:19:04 - [INFO] - Connected to DB...  
2022-06-07 12:19:33 - [INFO] - Connecting to Db...  
2022-06-07 12:19:35 - [INFO] - Connected to DB...  
2022-06-07 12:20:33 - [INFO] - Connecting to Db...  
2022-06-07 12:20:35 - [INFO] - Connecting to Db...  
2022-06-07 12:20:37 - [INFO] - Connected to DB...  
2022-06-07 12:21:38 - [INFO] - Connecting to Db...  
2022-06-07 12:21:40 - [INFO] - Connected to DB...  
2022-06-07 12:21:45 - [INFO] - Connecting to Db...  
2022-06-07 12:21:46 - [INFO] - Connected to DB...  
2022-06-07 12:22:10 - [INFO] - Connecting to Db...  
2022-06-07 12:22:11 - [INFO] - Connected to DB...  
2022-06-07 12:22:31 - [INFO] - Connecting to Db...  
2022-06-07 12:22:33 - [INFO] - Connected to DB...  
2022-06-07 12:22:59 - [INFO] - Connecting to Db...  
2022-06-07 12:23:00 - [INFO] - Connected to DB...  
2022-06-07 12:23:03 - [INFO] - Connecting to Db...  
2022-06-07 12:23:04 - [INFO] - Connected to DB...  
2022-06-07 12:23:22 - [INFO] - Connecting to Db...  
2022-06-07 12:23:24 - [INFO] - Connected to DB...  
2022-06-07 12:23:31 - [INFO] - Connecting to Db...  
2022-06-07 12:23:32 - [INFO] - Connected to DB...  
2022-06-07 12:23:37 - [INFO] - Connecting to Db...  
2022-06-07 12:23:38 - [INFO] - Connecting to Db...  
2022-06-07 12:23:40 - [INFO] - Connected to DB...  
2022-06-07 12:23:50 - [INFO] - Connecting to Db...  
2022-06-07 12:23:52 - [INFO] - Connected to DB...  
2022-06-07 12:23:56 - [INFO] - Connecting to Db...  
2022-06-07 12:23:57 - [INFO] - Connecting to Db...  
2022-06-07 12:23:59 - [INFO] - Connected to DB...  
2022-06-07 12:24:31 - [INFO] - Connecting to Db...  
2022-06-07 12:24:34 - [INFO] - Connected to DB...  
2022-06-07 12:25:05 - [INFO] - Connecting to Db...  
2022-06-07 12:25:07 - [INFO] - Connected to DB...  
2022-06-07 12:25:16 - [INFO] - Connecting to Db...  
2022-06-07 12:25:17 - [INFO] - Connected to DB...  
2022-06-07 12:25:27 - [INFO] - Connecting to Db...  
2022-06-07 12:25:29 - [INFO] - Connected to DB...  
2022-06-07 12:26:08 - [INFO] - Connecting to Db...  
2022-06-07 12:26:10 - [INFO] - Connected to DB...  
2022-06-07 12:26:11 - [INFO] - Connecting to Db...  
2022-06-07 12:26:13 - [INFO] - Connected to DB...  
2022-06-07 12:27:15 - [INFO] - Connecting to Db...  
2022-06-07 12:27:17 - [INFO] - Connected to DB...  
2022-06-07 12:27:24 - [INFO] - Connecting to Db...  
2022-06-07 12:27:25 - [INFO] - Connecting to Db...  
2022-06-07 12:27:27 - [INFO] - Connected to DB...  
2022-06-07 12:28:34 - [INFO] - Connecting to Db...  
2022-06-07 12:28:36 - [INFO] - Connected to DB...  
2022-06-07 12:28:56 - [INFO] - Connecting to Db...  
2022-06-07 12:28:58 - [INFO] - Connected to DB...  
2022-06-07 12:29:47 - [INFO] - Connecting to Db...  
2022-06-07 12:29:49 - [INFO] - Connected to DB...  
2022-06-07 12:31:22 - [INFO] - Connecting to Db...  
2022-06-07 12:31:23 - [INFO] - Connecting to Db...  
2022-06-07 12:31:25 - [INFO] - Connected to DB...  
2022-06-07 12:31:29 - [INFO] - Connecting to Db...  
2022-06-07 12:31:30 - [INFO] - Connected to DB...  
2022-06-07 12:31:43 - [INFO] - Connecting to Db...  
2022-06-07 12:31:45 - [INFO] - Connecting to Db...  
2022-06-07 12:31:46 - [INFO] - Connected to DB...  
2022-06-07 12:31:49 - [INFO] - Connecting to Db...  
2022-06-07 12:31:50 - [INFO] - Connected to DB...  
2022-06-07 12:31:52 - [INFO] - Connecting to Db...  
2022-06-07 12:31:54 - [INFO] - Connected to DB...  
2022-06-07 12:31:55 - [INFO] - Connecting to Db...  
2022-06-07 12:31:56 - [INFO] - Connected to DB...  
2022-06-07 12:32:06 - [INFO] - Connecting to Db...  
2022-06-07 12:32:08 - [INFO] - Connected to DB...  
2022-06-07 12:32:09 - [INFO] - Connecting to Db...  
2022-06-07 12:32:11 - [INFO] - Connected to DB...  
2022-06-07 12:32:13 - [INFO] - Connecting to Db...  
2022-06-07 12:32:15 - [INFO] - Connected to DB...  
2022-06-07 12:32:17 - [INFO] - Connecting to Db...  
2022-06-07 12:32:19 - [INFO] - Connecting to Db...  
2022-06-07 12:32:21 - [INFO] - Connected to DB...  
2022-06-07 12:32:22 - [INFO] - Connecting to Db...  
2022-06-07 12:32:25 - [INFO] - Connected to DB...  
2022-06-07 12:33:01 - [INFO] - Connecting to Db...  
2022-06-07 12:33:02 - [INFO] - Connected to DB...  
2022-06-07 12:33:11 - [INFO] - Connecting to Db...  
2022-06-07 12:33:13 - [INFO] - Connected to DB...  
2022-06-07 12:33:21 - [INFO] - Connecting to Db...  
2022-06-07 12:33:23 - [INFO] - Connecting to Db...  
2022-06-07 12:33:25 - [INFO] - Connected to DB...  
2022-06-07 12:34:01 - [INFO] - Connecting to Db...  
2022-06-07 12:34:03 - [INFO] - Connected to DB...  
2022-06-07 12:34:19 - [INFO] - Connecting to Db...  
2022-06-07 12:34:20 - [INFO] - Connected to DB...  
2022-06-07 12:34:22 - [INFO] - Connecting to Db...  
2022-06-07 12:34:24 - [INFO] - Connected to DB...  
2022-06-07 12:35:01 - [INFO] - Connecting to Db...  
2022-06-07 12:35:03 - [INFO] - Connecting to Db...  
2022-06-07 12:35:05 - [INFO] - Connected to DB...  
2022-06-07 12:35:54 - [INFO] - Connecting to Db...  
2022-06-07 12:36:01 - [INFO] - Connecting to Db...  
2022-06-07 12:36:03 - [INFO] - Connected to DB...  
2022-06-07 12:36:26 - [INFO] - Connecting to Db...  
2022-06-07 12:36:32 - [INFO] - Connecting to Db...  
2022-06-07 12:36:34 - [INFO] - Connected to DB...  
2022-06-07 12:41:41 - [INFO] - Connecting to Db...  
2022-06-07 12:41:42 - [INFO] - Connected to DB...  
2022-06-07 12:44:04 - [INFO] - Connecting to Db...  
2022-06-07 12:44:06 - [INFO] - Connected to DB...  
2022-06-07 12:44:25 - [INFO] - Connecting to Db...  
2022-06-07 12:44:27 - [INFO] - Connected to DB...  
2022-06-07 12:45:15 - [INFO] - Connecting to Db...  
2022-06-07 12:45:17 - [INFO] - Connected to DB...  
2022-06-07 12:45:20 - [INFO] - Connecting to Db...  
2022-06-07 12:45:22 - [INFO] - Connected to DB...  
2022-06-07 12:46:34 - [INFO] - Connecting to Db...  
2022-06-07 12:46:36 - [INFO] - Connected to DB...  
2022-06-07 12:46:58 - [INFO] - Connecting to Db...  
2022-06-07 12:47:00 - [INFO] - Connected to DB...  
2022-06-07 12:47:02 - [INFO] - Connecting to Db...  
2022-06-07 12:47:04 - [INFO] - Connected to DB...  
2022-06-07 12:48:56 - [INFO] - Connecting to Db...  
2022-06-07 12:48:58 - [INFO] - Connected to DB...  
2022-06-07 13:14:18 - [INFO] - Connecting to Db...  
2022-06-07 13:14:21 - [INFO] - Connected to DB...  
2022-06-07 13:18:01 - [INFO] - Connecting to Db...  
2022-06-07 13:18:03 - [INFO] - Connected to DB...  
2022-06-07 13:18:06 - [INFO] - Connecting to Db...  
2022-06-07 13:18:07 - [INFO] - Connected to DB...  
2022-06-07 13:18:56 - [INFO] - Connecting to Db...  
2022-06-07 13:18:57 - [INFO] - Connected to DB...  
2022-06-07 13:26:20 - [INFO] - Connecting to Db...  
2022-06-07 13:26:22 - [INFO] - Connecting to Db...  
2022-06-07 13:26:24 - [INFO] - Connected to DB...  
2022-06-07 13:30:07 - [INFO] - Connecting to Db...  
2022-06-07 13:30:09 - [INFO] - Connected to DB...  
2022-06-07 13:30:12 - [INFO] - Connecting to Db...  
2022-06-07 13:30:13 - [INFO] - Connected to DB...  
2022-06-07 13:31:24 - [INFO] - Connecting to Db...  
2022-06-07 13:31:25 - [INFO] - Connected to DB...  
2022-06-07 13:31:28 - [INFO] - Connecting to Db...  
2022-06-07 13:31:30 - [INFO] - Connected to DB...  
2022-06-07 13:34:12 - [INFO] - Connecting to Db...  
2022-06-07 13:34:14 - [INFO] - Connected to DB...  
2022-06-07 13:34:24 - [INFO] - Connecting to Db...  
2022-06-07 13:34:25 - [INFO] - Connected to DB...  
2022-06-07 13:34:33 - [INFO] - Connecting to Db...  
2022-06-07 13:34:35 - [INFO] - Connected to DB...  
2022-06-07 13:34:37 - [INFO] - Connecting to Db...  
2022-06-07 13:34:38 - [INFO] - Connected to DB...  
2022-06-07 13:34:55 - [INFO] - Connecting to Db...  
2022-06-07 13:34:56 - [INFO] - Connected to DB...  
2022-06-07 14:56:26 - [INFO] - Disconnected from DB...  
2022-06-07 14:57:05 - [INFO] - Connecting to Db...  
2022-06-07 14:57:07 - [INFO] - Connected to DB...  
2022-06-07 14:57:13 - [INFO] - Connecting to Db...  
2022-06-07 14:57:15 - [INFO] - Connected to DB...  
2022-06-07 14:57:32 - [INFO] - Connecting to Db...  
2022-06-07 14:57:34 - [INFO] - Connected to DB...  
2022-06-07 14:57:36 - [INFO] - Connecting to Db...  
2022-06-07 14:57:38 - [INFO] - Connected to DB...  
2022-06-07 14:58:07 - [INFO] - Connecting to Db...  
2022-06-07 14:58:09 - [INFO] - Connected to DB...  
2022-06-07 14:58:11 - [INFO] - Connecting to Db...  
2022-06-07 14:58:12 - [INFO] - Connected to DB...  
2022-06-07 14:58:20 - [INFO] - Connecting to Db...  
2022-06-07 14:58:21 - [INFO] - Connected to DB...  
2022-06-07 15:03:30 - [INFO] - Connecting to Db...  
2022-06-07 15:03:32 - [INFO] - Connected to DB...  
2022-06-07 15:04:18 - [INFO] - Connecting to Db...  
2022-06-07 15:04:19 - [INFO] - Connected to DB...  
2022-06-07 15:04:57 - [INFO] - Connecting to Db...  
2022-06-07 15:04:59 - [INFO] - Connected to DB...  
2022-06-07 15:05:13 - [INFO] - Connecting to Db...  
2022-06-07 15:05:14 - [INFO] - Connected to DB...  
2022-06-07 15:05:24 - [INFO] - Connecting to Db...  
2022-06-07 15:05:25 - [INFO] - Connected to DB...  
2022-06-07 15:05:31 - [INFO] - Connecting to Db...  
2022-06-07 15:05:33 - [INFO] - Connected to DB...  
2022-06-07 15:05:39 - [INFO] - Connecting to Db...  
2022-06-07 15:05:40 - [INFO] - Connected to DB...  
2022-06-07 15:06:03 - [INFO] - Connecting to Db...  
2022-06-07 15:06:06 - [INFO] - Connecting to Db...  
2022-06-07 15:06:07 - [INFO] - Connected to DB...  
2022-06-07 15:06:15 - [INFO] - Connecting to Db...  
2022-06-07 15:06:17 - [INFO] - Connected to DB...  
2022-06-07 15:06:24 - [INFO] - Connecting to Db...  
2022-06-07 15:06:26 - [INFO] - Connecting to Db...  
2022-06-07 15:06:27 - [INFO] - Connected to DB...  
2022-06-07 15:21:49 - [INFO] - Connecting to Db...  
2022-06-07 15:21:51 - [INFO] - Connected to DB...  
2022-06-07 15:23:21 - [INFO] - Connecting to Db...  
2022-06-07 15:23:23 - [INFO] - Connected to DB...  
2022-06-07 15:24:35 - [INFO] - Connecting to Db...  
2022-06-07 15:24:37 - [INFO] - Connected to DB...  
2022-06-07 15:25:27 - [INFO] - Connecting to Db...  
2022-06-07 15:25:28 - [INFO] - Connected to DB...  
2022-06-07 15:26:24 - [INFO] - Connecting to Db...  
2022-06-07 15:26:25 - [INFO] - Connected to DB...  
2022-06-07 15:33:29 - [INFO] - Connecting to Db...  
2022-06-07 15:33:30 - [INFO] - Connected to DB...  
2022-06-07 15:39:18 - [INFO] - Disconnected from DB...  
2022-06-07 15:51:26 - [INFO] - Connecting to Db...  
2022-06-07 15:51:28 - [INFO] - Connected to DB...  
2022-06-07 15:52:17 - [INFO] - Disconnected from DB...  
2022-06-07 16:02:31 - [INFO] - Connecting to Db...  
2022-06-07 16:02:33 - [INFO] - Connected to DB...  
2022-06-07 16:04:08 - [INFO] - Connecting to Db...  
2022-06-07 16:04:09 - [INFO] - Connected to DB...  
2022-06-07 16:14:52 - [INFO] - Connecting to Db...  
2022-06-07 16:14:54 - [INFO] - Connected to DB...  
2022-06-07 16:15:37 - [INFO] - Connecting to Db...  
2022-06-07 16:15:39 - [INFO] - Connected to DB...  
2022-06-07 16:17:11 - [INFO] - Connecting to Db...  
2022-06-07 16:17:12 - [INFO] - Connected to DB...  
2022-06-07 16:17:17 - [INFO] - Connecting to Db...  
2022-06-07 16:17:19 - [INFO] - Connected to DB...  
2022-06-07 16:21:26 - [INFO] - Connecting to Db...  
2022-06-07 16:21:28 - [INFO] - Connected to DB...  
2022-06-07 16:21:53 - [INFO] - Connecting to Db...  
2022-06-07 16:21:56 - [INFO] - Connected to DB...  
2022-06-07 16:21:58 - [INFO] - Connecting to Db...  
2022-06-07 16:22:00 - [INFO] - Connected to DB...  
2022-06-07 16:22:26 - [INFO] - Connecting to Db...  
2022-06-07 16:22:28 - [INFO] - Connected to DB...  
2022-06-07 16:22:51 - [INFO] - Connecting to Db...  
2022-06-07 16:22:53 - [INFO] - Connected to DB...  
2022-06-07 16:43:50 - [INFO] - Connecting to Db...  
2022-06-07 16:43:52 - [INFO] - Connected to DB...  
2022-06-07 16:47:55 - [INFO] - Connecting to Db...  
2022-06-07 16:47:57 - [INFO] - Connected to DB...  
2022-06-07 16:48:56 - [INFO] - Connecting to Db...  
2022-06-07 16:48:57 - [INFO] - Connected to DB...  
2022-06-07 16:49:57 - [INFO] - Connecting to Db...  
2022-06-07 16:49:59 - [INFO] - Connected to DB...  
2022-06-07 16:50:36 - [INFO] - Connecting to Db...  
2022-06-07 16:50:37 - [INFO] - Connected to DB...  
2022-06-07 16:50:59 - [INFO] - Connecting to Db...  
2022-06-07 16:51:01 - [INFO] - Connected to DB...  
2022-06-07 16:52:15 - [INFO] - Connecting to Db...  
2022-06-07 16:52:16 - [INFO] - Connected to DB...  
2022-06-07 16:52:26 - [INFO] - Connecting to Db...  
2022-06-07 16:52:27 - [INFO] - Connected to DB...  
2022-06-07 16:52:42 - [INFO] - Connecting to Db...  
2022-06-07 16:52:45 - [INFO] - Connected to DB...  
2022-06-07 16:53:42 - [INFO] - Connecting to Db...  
2022-06-07 16:53:44 - [INFO] - Connected to DB...  
2022-06-07 16:55:25 - [INFO] - Connecting to Db...  
2022-06-07 16:55:27 - [INFO] - Connected to DB...  
2022-06-07 16:55:39 - [ERROR] - Cannot read property '_id' of undefined   - TypeError: Cannot read property '_id' of undefined
    at rejectAdminProposal_approvedCase (file:///C:/Users/djeks/Desktop/TelegramBot/Composers/actions/admin.js:107:68)
    at processTicksAndRejections (node:internal/process/task_queues:96:5)
    at async execute (C:\Users\djeks\Desktop\TelegramBot\node_modules\telegraf\lib\composer.js:468:17)
    at async C:\Users\djeks\Desktop\TelegramBot\node_modules\telegraf\lib\composer.js:469:21
    at async execute (C:\Users\djeks\Desktop\TelegramBot\node_modules\telegraf\lib\composer.js:468:17)
    at async C:\Users\djeks\Desktop\TelegramBot\node_modules\telegraf\lib\composer.js:469:21
    at async execute (C:\Users\djeks\Desktop\TelegramBot\node_modules\telegraf\lib\composer.js:468:17)
    at async C:\Users\djeks\Desktop\TelegramBot\node_modules\telegraf\lib\composer.js:469:21
    at async execute (C:\Users\djeks\Desktop\TelegramBot\node_modules\telegraf\lib\composer.js:468:17)
    at async C:\Users\djeks\Desktop\TelegramBot\node_modules\telegraf\lib\composer.js:469:21
2022-06-07 16:56:14 - [ERROR] - Cannot read property 'username' of null   - TypeError: Cannot read property 'username' of null
    at approveProposal (file:///C:/Users/djeks/Desktop/TelegramBot/Composers/actions/admin.js:19:74)
    at processTicksAndRejections (node:internal/process/task_queues:96:5)
    at async file:///C:/Users/djeks/Desktop/TelegramBot/Composers/actions/index.js:57:7
    at async execute (C:\Users\djeks\Desktop\TelegramBot\node_modules\telegraf\lib\composer.js:468:17)
    at async C:\Users\djeks\Desktop\TelegramBot\node_modules\telegraf\lib\composer.js:469:21
    at async execute (C:\Users\djeks\Desktop\TelegramBot\node_modules\telegraf\lib\composer.js:468:17)
    at async C:\Users\djeks\Desktop\TelegramBot\node_modules\telegraf\lib\composer.js:469:21
    at async execute (C:\Users\djeks\Desktop\TelegramBot\node_modules\telegraf\lib\composer.js:468:17)
    at async C:\Users\djeks\Desktop\TelegramBot\node_modules\telegraf\lib\composer.js:469:21
    at async execute (C:\Users\djeks\Desktop\TelegramBot\node_modules\telegraf\lib\composer.js:468:17)
2022-06-07 16:57:16 - [INFO] - Connecting to Db...  
2022-06-07 16:57:18 - [INFO] - Connected to DB...  
2022-06-07 16:57:29 - [ERROR] - Cannot read property 'username' of null   - TypeError: Cannot read property 'username' of null
    at approveProposal (file:///C:/Users/djeks/Desktop/TelegramBot/Composers/actions/admin.js:23:52)
    at file:///C:/Users/djeks/Desktop/TelegramBot/Composers/actions/index.js:57:13
    at processTicksAndRejections (node:internal/process/task_queues:96:5)
    at async execute (C:\Users\djeks\Desktop\TelegramBot\node_modules\telegraf\lib\composer.js:468:17)
    at async C:\Users\djeks\Desktop\TelegramBot\node_modules\telegraf\lib\composer.js:469:21
    at async execute (C:\Users\djeks\Desktop\TelegramBot\node_modules\telegraf\lib\composer.js:468:17)
    at async C:\Users\djeks\Desktop\TelegramBot\node_modules\telegraf\lib\composer.js:469:21
    at async execute (C:\Users\djeks\Desktop\TelegramBot\node_modules\telegraf\lib\composer.js:468:17)
    at async C:\Users\djeks\Desktop\TelegramBot\node_modules\telegraf\lib\composer.js:469:21
    at async execute (C:\Users\djeks\Desktop\TelegramBot\node_modules\telegraf\lib\composer.js:468:17)
2022-06-07 16:58:37 - [INFO] - Connecting to Db...  
2022-06-07 16:58:39 - [INFO] - Connected to DB...  
2022-06-07 16:58:48 - [ERROR] - Cannot read property 'username' of null   - TypeError: Cannot read property 'username' of null
    at approveProposal (file:///C:/Users/djeks/Desktop/TelegramBot/Composers/actions/admin.js:23:52)
    at file:///C:/Users/djeks/Desktop/TelegramBot/Composers/actions/index.js:57:13
    at processTicksAndRejections (node:internal/process/task_queues:96:5)
    at async execute (C:\Users\djeks\Desktop\TelegramBot\node_modules\telegraf\lib\composer.js:468:17)
    at async C:\Users\djeks\Desktop\TelegramBot\node_modules\telegraf\lib\composer.js:469:21
    at async execute (C:\Users\djeks\Desktop\TelegramBot\node_modules\telegraf\lib\composer.js:468:17)
    at async C:\Users\djeks\Desktop\TelegramBot\node_modules\telegraf\lib\composer.js:469:21
    at async execute (C:\Users\djeks\Desktop\TelegramBot\node_modules\telegraf\lib\composer.js:468:17)
    at async C:\Users\djeks\Desktop\TelegramBot\node_modules\telegraf\lib\composer.js:469:21
    at async execute (C:\Users\djeks\Desktop\TelegramBot\node_modules\telegraf\lib\composer.js:468:17)
2022-06-07 16:59:05 - [INFO] - Connecting to Db...  
2022-06-07 16:59:07 - [INFO] - Connected to DB...  
2022-06-07 19:19:14 - [INFO] - Connecting to Db...  
2022-06-07 19:19:16 - [INFO] - Connected to DB...  
2022-06-07 19:33:51 - [INFO] - Connecting to Db...  
2022-06-07 19:33:53 - [INFO] - Connected to DB...  
2022-06-07 19:34:54 - [INFO] - Connecting to Db...  
2022-06-07 19:34:56 - [INFO] - Connected to DB...  
2022-06-07 19:35:39 - [INFO] - Connecting to Db...  
2022-06-07 19:35:41 - [INFO] - Connected to DB...  
2022-06-07 19:36:41 - [INFO] - Connecting to Db...  
2022-06-07 19:36:42 - [INFO] - Connected to DB...  
2022-06-07 19:37:10 - [INFO] - Connecting to Db...  
2022-06-07 19:37:11 - [INFO] - Connected to DB...  
2022-06-07 19:37:17 - [INFO] - Connecting to Db...  
2022-06-07 19:37:18 - [INFO] - Connected to DB...  
2022-06-07 19:38:42 - [INFO] - Connecting to Db...  
2022-06-07 19:38:44 - [INFO] - Connected to DB...  
2022-06-07 19:38:48 - [INFO] - Connecting to Db...  
2022-06-07 19:38:49 - [INFO] - Connected to DB...  
2022-06-07 19:40:06 - [INFO] - Connecting to Db...  
2022-06-07 19:40:07 - [INFO] - Connected to DB...  
2022-06-07 19:40:22 - [INFO] - Connecting to Db...  
2022-06-07 19:40:24 - [INFO] - Connected to DB...  
2022-06-07 19:40:34 - [INFO] - Connecting to Db...  
2022-06-07 19:40:35 - [INFO] - Connected to DB...  
2022-06-07 19:42:33 - [INFO] - Connecting to Db...  
2022-06-07 19:42:35 - [INFO] - Connected to DB...  
2022-06-07 19:44:12 - [INFO] - Connecting to Db...  
2022-06-07 19:44:14 - [INFO] - Connected to DB...  
2022-06-07 19:44:32 - [INFO] - Connecting to Db...  
2022-06-07 19:44:33 - [INFO] - Connected to DB...  
2022-06-07 19:45:40 - [INFO] - Connecting to Db...  
2022-06-07 19:45:42 - [INFO] - Connected to DB...  
2022-06-07 19:48:16 - [INFO] - Connecting to Db...  
2022-06-07 19:48:18 - [INFO] - Connected to DB...  
2022-06-07 19:51:45 - [INFO] - Connecting to Db...  
2022-06-07 19:51:47 - [INFO] - Connected to DB...  
2022-06-07 19:52:02 - [INFO] - Connecting to Db...  
2022-06-07 19:52:04 - [INFO] - Connected to DB...  
2022-06-07 19:52:08 - [ERROR] - pkg is not defined   - ReferenceError: pkg is not defined
    at approveIndividual (file:///C:/Users/djeks/Desktop/TelegramBot/Composers/actions/admin.js:68:46)
    at file:///C:/Users/djeks/Desktop/TelegramBot/Composers/actions/index.js:60:13
    at processTicksAndRejections (node:internal/process/task_queues:96:5)
    at async execute (C:\Users\djeks\Desktop\TelegramBot\node_modules\telegraf\lib\composer.js:468:17)
    at async C:\Users\djeks\Desktop\TelegramBot\node_modules\telegraf\lib\composer.js:469:21
    at async execute (C:\Users\djeks\Desktop\TelegramBot\node_modules\telegraf\lib\composer.js:468:17)
    at async C:\Users\djeks\Desktop\TelegramBot\node_modules\telegraf\lib\composer.js:469:21
    at async execute (C:\Users\djeks\Desktop\TelegramBot\node_modules\telegraf\lib\composer.js:468:17)
    at async C:\Users\djeks\Desktop\TelegramBot\node_modules\telegraf\lib\composer.js:469:21
    at async execute (C:\Users\djeks\Desktop\TelegramBot\node_modules\telegraf\lib\composer.js:468:17)
2022-06-07 19:52:21 - [INFO] - Connecting to Db...  
2022-06-07 19:52:23 - [INFO] - Connected to DB...  
2022-06-07 19:52:36 - [INFO] - Connecting to Db...  
2022-06-07 19:52:37 - [INFO] - Connected to DB...  
2022-06-07 19:52:45 - [INFO] - Connecting to Db...  
2022-06-07 19:52:46 - [INFO] - Connected to DB...  
2022-06-07 19:52:51 - [ERROR] - Cannot read property 'influencer' of undefined   - TypeError: Cannot read property 'influencer' of undefined
    at approveIndividual (file:///C:/Users/djeks/Desktop/TelegramBot/Composers/actions/admin.js:69:51)
    at file:///C:/Users/djeks/Desktop/TelegramBot/Composers/actions/index.js:60:13
    at processTicksAndRejections (node:internal/process/task_queues:96:5)
    at async execute (C:\Users\djeks\Desktop\TelegramBot\node_modules\telegraf\lib\composer.js:468:17)
    at async C:\Users\djeks\Desktop\TelegramBot\node_modules\telegraf\lib\composer.js:469:21
    at async execute (C:\Users\djeks\Desktop\TelegramBot\node_modules\telegraf\lib\composer.js:468:17)
    at async C:\Users\djeks\Desktop\TelegramBot\node_modules\telegraf\lib\composer.js:469:21
    at async execute (C:\Users\djeks\Desktop\TelegramBot\node_modules\telegraf\lib\composer.js:468:17)
    at async C:\Users\djeks\Desktop\TelegramBot\node_modules\telegraf\lib\composer.js:469:21
    at async execute (C:\Users\djeks\Desktop\TelegramBot\node_modules\telegraf\lib\composer.js:468:17)
2022-06-07 19:53:39 - [INFO] - Connecting to Db...  
2022-06-07 19:53:42 - [INFO] - Connected to DB...  
2022-06-07 19:53:46 - [ERROR] - Cannot read property 'influencer' of undefined   - TypeError: Cannot read property 'influencer' of undefined
    at approveIndividual (file:///C:/Users/djeks/Desktop/TelegramBot/Composers/actions/admin.js:70:51)
    at file:///C:/Users/djeks/Desktop/TelegramBot/Composers/actions/index.js:60:13
    at processTicksAndRejections (node:internal/process/task_queues:96:5)
    at async execute (C:\Users\djeks\Desktop\TelegramBot\node_modules\telegraf\lib\composer.js:468:17)
    at async C:\Users\djeks\Desktop\TelegramBot\node_modules\telegraf\lib\composer.js:469:21
    at async execute (C:\Users\djeks\Desktop\TelegramBot\node_modules\telegraf\lib\composer.js:468:17)
    at async C:\Users\djeks\Desktop\TelegramBot\node_modules\telegraf\lib\composer.js:469:21
    at async execute (C:\Users\djeks\Desktop\TelegramBot\node_modules\telegraf\lib\composer.js:468:17)
    at async C:\Users\djeks\Desktop\TelegramBot\node_modules\telegraf\lib\composer.js:469:21
    at async execute (C:\Users\djeks\Desktop\TelegramBot\node_modules\telegraf\lib\composer.js:468:17)
2022-06-07 19:53:55 - [INFO] - Connecting to Db...  
2022-06-07 19:54:02 - [INFO] - Connected to DB...  
2022-06-07 19:54:07 - [ERROR] - Cannot read property 'influencer' of undefined   - TypeError: Cannot read property 'influencer' of undefined
    at approveIndividual (file:///C:/Users/djeks/Desktop/TelegramBot/Composers/actions/admin.js:70:51)
    at file:///C:/Users/djeks/Desktop/TelegramBot/Composers/actions/index.js:60:13
    at processTicksAndRejections (node:internal/process/task_queues:96:5)
    at async execute (C:\Users\djeks\Desktop\TelegramBot\node_modules\telegraf\lib\composer.js:468:17)
    at async C:\Users\djeks\Desktop\TelegramBot\node_modules\telegraf\lib\composer.js:469:21
    at async execute (C:\Users\djeks\Desktop\TelegramBot\node_modules\telegraf\lib\composer.js:468:17)
    at async C:\Users\djeks\Desktop\TelegramBot\node_modules\telegraf\lib\composer.js:469:21
    at async execute (C:\Users\djeks\Desktop\TelegramBot\node_modules\telegraf\lib\composer.js:468:17)
    at async C:\Users\djeks\Desktop\TelegramBot\node_modules\telegraf\lib\composer.js:469:21
    at async execute (C:\Users\djeks\Desktop\TelegramBot\node_modules\telegraf\lib\composer.js:468:17)
2022-06-07 19:55:22 - [INFO] - Connecting to Db...  
2022-06-07 19:55:23 - [INFO] - Connected to DB...  
2022-06-07 19:55:28 - [ERROR] - Mongoose does not support calling populate() on nested docs. Instead of `doc.arr[0].populate("path")`, use `doc.populate("arr.0.path")`   - Error: Mongoose does not support calling populate() on nested docs. Instead of `doc.arr[0].populate("path")`, use `doc.populate("arr.0.path")`
    at EmbeddedDocument.ArraySubdocument.populate (C:\Users\djeks\Desktop\TelegramBot\node_modules\mongoose\lib\types\ArraySubdocument.js:79:9)
    at approveIndividual (file:///C:/Users/djeks/Desktop/TelegramBot/Composers/actions/admin.js:58:38)
    at file:///C:/Users/djeks/Desktop/TelegramBot/Composers/actions/index.js:60:13
    at processTicksAndRejections (node:internal/process/task_queues:96:5)
    at async execute (C:\Users\djeks\Desktop\TelegramBot\node_modules\telegraf\lib\composer.js:468:17)
    at async C:\Users\djeks\Desktop\TelegramBot\node_modules\telegraf\lib\composer.js:469:21
    at async execute (C:\Users\djeks\Desktop\TelegramBot\node_modules\telegraf\lib\composer.js:468:17)
    at async C:\Users\djeks\Desktop\TelegramBot\node_modules\telegraf\lib\composer.js:469:21
    at async execute (C:\Users\djeks\Desktop\TelegramBot\node_modules\telegraf\lib\composer.js:468:17)
    at async C:\Users\djeks\Desktop\TelegramBot\node_modules\telegraf\lib\composer.js:469:21
2022-06-07 19:56:10 - [INFO] - Connecting to Db...  
2022-06-07 19:56:11 - [INFO] - Connected to DB...  
2022-06-07 19:58:59 - [INFO] - Connecting to Db...  
2022-06-07 19:59:01 - [INFO] - Connected to DB...  
2022-06-07 20:01:25 - [INFO] - Connecting to Db...  
2022-06-07 20:01:27 - [INFO] - Connected to DB...  
2022-06-07 20:03:15 - [INFO] - Connecting to Db...  
2022-06-07 20:03:17 - [INFO] - Connected to DB...  
2022-06-07 20:04:11 - [INFO] - Connecting to Db...  
2022-06-07 20:04:13 - [INFO] - Connected to DB...  
2022-06-07 20:06:59 - [INFO] - Connecting to Db...  
2022-06-07 20:07:01 - [INFO] - Connected to DB...  
2022-06-07 20:07:16 - [INFO] - Connecting to Db...  
2022-06-07 20:07:17 - [INFO] - Connected to DB...  
2022-06-07 20:10:07 - [INFO] - Connecting to Db...  
2022-06-07 20:10:08 - [INFO] - Connected to DB...  
2022-06-07 20:10:18 - [INFO] - Connecting to Db...  
2022-06-07 20:10:20 - [INFO] - Connected to DB...  
2022-06-07 20:12:15 - [INFO] - Connecting to Db...  
2022-06-07 20:12:17 - [INFO] - Connected to DB...  
2022-06-07 20:12:28 - [INFO] - Connecting to Db...  
2022-06-07 20:12:30 - [INFO] - Connected to DB...  
2022-06-07 20:14:49 - [INFO] - Connecting to Db...  
2022-06-07 20:14:51 - [INFO] - Connected to DB...  
2022-06-07 20:15:20 - [INFO] - Connecting to Db...  
2022-06-07 20:15:21 - [INFO] - Connected to DB...  
2022-06-07 20:15:27 - [ERROR] - influencer is not defined   - ReferenceError: influencer is not defined
    at approveIndividual (file:///C:/Users/djeks/Desktop/TelegramBot/Composers/actions/admin.js:64:19)
    at processTicksAndRejections (node:internal/process/task_queues:96:5)
    at async file:///C:/Users/djeks/Desktop/TelegramBot/Composers/actions/index.js:60:7
    at async execute (C:\Users\djeks\Desktop\TelegramBot\node_modules\telegraf\lib\composer.js:468:17)
    at async C:\Users\djeks\Desktop\TelegramBot\node_modules\telegraf\lib\composer.js:469:21
    at async execute (C:\Users\djeks\Desktop\TelegramBot\node_modules\telegraf\lib\composer.js:468:17)
    at async C:\Users\djeks\Desktop\TelegramBot\node_modules\telegraf\lib\composer.js:469:21
    at async execute (C:\Users\djeks\Desktop\TelegramBot\node_modules\telegraf\lib\composer.js:468:17)
    at async C:\Users\djeks\Desktop\TelegramBot\node_modules\telegraf\lib\composer.js:469:21
    at async execute (C:\Users\djeks\Desktop\TelegramBot\node_modules\telegraf\lib\composer.js:468:17)
2022-06-07 20:15:37 - [INFO] - Connecting to Db...  
2022-06-07 20:15:38 - [INFO] - Connected to DB...  
2022-06-07 20:24:47 - [INFO] - Connecting to Db...  
2022-06-07 20:24:49 - [INFO] - Connected to DB...  
2022-06-07 20:25:23 - [INFO] - Connecting to Db...  
2022-06-07 20:25:25 - [INFO] - Connected to DB...  
2022-06-07 20:26:16 - [INFO] - Connecting to Db...  
2022-06-07 20:26:17 - [INFO] - Connected to DB...  
2022-06-07 20:31:48 - [INFO] - Connecting to Db...  
2022-06-07 20:31:50 - [INFO] - Connected to DB...  
2022-06-07 20:36:19 - [INFO] - Connecting to Db...  
2022-06-07 20:36:21 - [INFO] - Connected to DB...  
2022-06-07 20:39:16 - [INFO] - Connecting to Db...  
2022-06-07 20:39:18 - [INFO] - Connected to DB...  
2022-06-07 20:42:12 - [INFO] - Connecting to Db...  
2022-06-07 20:42:14 - [INFO] - Connected to DB...  
2022-06-07 20:47:23 - [ERROR] - Schema hasn't been registered for model "tg-packages".
Use mongoose.model(name, schema)   - MissingSchemaError: Schema hasn't been registered for model "tg-packages".
Use mongoose.model(name, schema)
    at NativeConnection.Connection.model (C:\Users\djeks\Desktop\TelegramBot\node_modules\mongoose\lib\connection.js:1164:11)
    at _getModelFromConn (C:\Users\djeks\Desktop\TelegramBot\node_modules\mongoose\lib\helpers\populate\getModelsMapForPopulate.js:579:15)
    at addModelNamesToMap (C:\Users\djeks\Desktop\TelegramBot\node_modules\mongoose\lib\helpers\populate\getModelsMapForPopulate.js:505:17)
    at getModelsMapForPopulate (C:\Users\djeks\Desktop\TelegramBot\node_modules\mongoose\lib\helpers\populate\getModelsMapForPopulate.js:199:7)
    at populate (C:\Users\djeks\Desktop\TelegramBot\node_modules\mongoose\lib\model.js:4508:21)
    at _populate (C:\Users\djeks\Desktop\TelegramBot\node_modules\mongoose\lib\model.js:4468:5)
    at C:\Users\djeks\Desktop\TelegramBot\node_modules\mongoose\lib\model.js:4446:5
    at promiseOrCallback (C:\Users\djeks\Desktop\TelegramBot\node_modules\mongoose\lib\helpers\promiseOrCallback.js:10:12)
    at Mongoose._promiseOrCallback (C:\Users\djeks\Desktop\TelegramBot\node_modules\mongoose\lib\index.js:1181:10)
    at Function.Model.populate (C:\Users\djeks\Desktop\TelegramBot\node_modules\mongoose\lib\model.js:4444:23)
2022-06-07 20:48:06 - [ERROR] - Schema hasn't been registered for model "tg-packages".
Use mongoose.model(name, schema)   - MissingSchemaError: Schema hasn't been registered for model "tg-packages".
Use mongoose.model(name, schema)
    at NativeConnection.Connection.model (C:\Users\djeks\Desktop\TelegramBot\node_modules\mongoose\lib\connection.js:1164:11)
    at _getModelFromConn (C:\Users\djeks\Desktop\TelegramBot\node_modules\mongoose\lib\helpers\populate\getModelsMapForPopulate.js:579:15)
    at addModelNamesToMap (C:\Users\djeks\Desktop\TelegramBot\node_modules\mongoose\lib\helpers\populate\getModelsMapForPopulate.js:505:17)
    at getModelsMapForPopulate (C:\Users\djeks\Desktop\TelegramBot\node_modules\mongoose\lib\helpers\populate\getModelsMapForPopulate.js:199:7)
    at populate (C:\Users\djeks\Desktop\TelegramBot\node_modules\mongoose\lib\model.js:4508:21)
    at _populate (C:\Users\djeks\Desktop\TelegramBot\node_modules\mongoose\lib\model.js:4468:5)
    at C:\Users\djeks\Desktop\TelegramBot\node_modules\mongoose\lib\model.js:4446:5
    at promiseOrCallback (C:\Users\djeks\Desktop\TelegramBot\node_modules\mongoose\lib\helpers\promiseOrCallback.js:10:12)
    at Mongoose._promiseOrCallback (C:\Users\djeks\Desktop\TelegramBot\node_modules\mongoose\lib\index.js:1181:10)
    at Function.Model.populate (C:\Users\djeks\Desktop\TelegramBot\node_modules\mongoose\lib\model.js:4444:23)
2022-06-07 20:48:25 - [ERROR] - Schema hasn't been registered for model "tg-packages".
Use mongoose.model(name, schema)   - MissingSchemaError: Schema hasn't been registered for model "tg-packages".
Use mongoose.model(name, schema)
    at NativeConnection.Connection.model (C:\Users\djeks\Desktop\TelegramBot\node_modules\mongoose\lib\connection.js:1164:11)
    at _getModelFromConn (C:\Users\djeks\Desktop\TelegramBot\node_modules\mongoose\lib\helpers\populate\getModelsMapForPopulate.js:579:15)
    at addModelNamesToMap (C:\Users\djeks\Desktop\TelegramBot\node_modules\mongoose\lib\helpers\populate\getModelsMapForPopulate.js:505:17)
    at getModelsMapForPopulate (C:\Users\djeks\Desktop\TelegramBot\node_modules\mongoose\lib\helpers\populate\getModelsMapForPopulate.js:199:7)
    at populate (C:\Users\djeks\Desktop\TelegramBot\node_modules\mongoose\lib\model.js:4508:21)
    at _populate (C:\Users\djeks\Desktop\TelegramBot\node_modules\mongoose\lib\model.js:4468:5)
    at C:\Users\djeks\Desktop\TelegramBot\node_modules\mongoose\lib\model.js:4446:5
    at promiseOrCallback (C:\Users\djeks\Desktop\TelegramBot\node_modules\mongoose\lib\helpers\promiseOrCallback.js:10:12)
    at Mongoose._promiseOrCallback (C:\Users\djeks\Desktop\TelegramBot\node_modules\mongoose\lib\index.js:1181:10)
    at Function.Model.populate (C:\Users\djeks\Desktop\TelegramBot\node_modules\mongoose\lib\model.js:4444:23)
2022-06-07 20:49:12 - [INFO] - Connecting to Db...  
2022-06-07 20:49:14 - [INFO] - Connected to DB...  
2022-06-07 20:49:16 - [ERROR] - Schema hasn't been registered for model "tg-packages".
Use mongoose.model(name, schema)   - MissingSchemaError: Schema hasn't been registered for model "tg-packages".
Use mongoose.model(name, schema)
    at NativeConnection.Connection.model (C:\Users\djeks\Desktop\TelegramBot\node_modules\mongoose\lib\connection.js:1164:11)
    at _getModelFromConn (C:\Users\djeks\Desktop\TelegramBot\node_modules\mongoose\lib\helpers\populate\getModelsMapForPopulate.js:579:15)
    at addModelNamesToMap (C:\Users\djeks\Desktop\TelegramBot\node_modules\mongoose\lib\helpers\populate\getModelsMapForPopulate.js:505:17)
    at getModelsMapForPopulate (C:\Users\djeks\Desktop\TelegramBot\node_modules\mongoose\lib\helpers\populate\getModelsMapForPopulate.js:199:7)
    at populate (C:\Users\djeks\Desktop\TelegramBot\node_modules\mongoose\lib\model.js:4508:21)
    at _populate (C:\Users\djeks\Desktop\TelegramBot\node_modules\mongoose\lib\model.js:4468:5)
    at C:\Users\djeks\Desktop\TelegramBot\node_modules\mongoose\lib\model.js:4446:5
    at promiseOrCallback (C:\Users\djeks\Desktop\TelegramBot\node_modules\mongoose\lib\helpers\promiseOrCallback.js:10:12)
    at Mongoose._promiseOrCallback (C:\Users\djeks\Desktop\TelegramBot\node_modules\mongoose\lib\index.js:1181:10)
    at Function.Model.populate (C:\Users\djeks\Desktop\TelegramBot\node_modules\mongoose\lib\model.js:4444:23)
2022-06-07 20:49:47 - [INFO] - Connecting to Db...  
2022-06-07 20:49:48 - [INFO] - Connected to DB...  
2022-06-07 20:50:15 - [ERROR] - Cast to ObjectId failed for value "{
  influencer: {
    _id: new ObjectId("6299f241e16b3ca288e29dce"),
    chatID: 1265678052,
    name: 'Ali',
    userID: 1265678052,
    username: 'kiwiphantom',
    __v: 1,
    packages: [ [Object] ],
    requirement: 'I don’t have any requirement',
    socials: [ [Object] ],
    status: 'active',
    wallet: '1hxudjjebrhdisj66262'
  },
  package: '6299f32ce41e8f399a756b22'
}" (type Object) at path "packages" for model "tg-proposal"   - CastError: Cast to ObjectId failed for value "{
  influencer: {
    _id: new ObjectId("6299f241e16b3ca288e29dce"),
    chatID: 1265678052,
    name: 'Ali',
    userID: 1265678052,
    username: 'kiwiphantom',
    __v: 1,
    packages: [ [Object] ],
    requirement: 'I don’t have any requirement',
    socials: [ [Object] ],
    status: 'active',
    wallet: '1hxudjjebrhdisj66262'
  },
  package: '6299f32ce41e8f399a756b22'
}" (type Object) at path "packages" for model "tg-proposal"
    at model.Query.exec (C:\Users\djeks\Desktop\TelegramBot\node_modules\mongoose\lib\query.js:4719:21)
    at model.Query.Query.then (C:\Users\djeks\Desktop\TelegramBot\node_modules\mongoose\lib\query.js:4818:15)
    at processTicksAndRejections (node:internal/process/task_queues:96:5)
2022-06-07 21:07:48 - [INFO] - Connecting to Db...  
2022-06-07 21:07:50 - [INFO] - Connected to DB...  
2022-06-07 21:08:14 - [INFO] - Connecting to Db...  
2022-06-07 21:08:16 - [INFO] - Connected to DB...  
2022-06-07 21:15:21 - [INFO] - Connecting to Db...  
2022-06-07 21:15:23 - [INFO] - Connected to DB...  
2022-06-07 21:19:10 - [INFO] - Connecting to Db...  
2022-06-07 21:19:12 - [INFO] - Connected to DB...  
2022-06-07 21:19:45 - [INFO] - Connecting to Db...  
2022-06-07 21:19:47 - [INFO] - Connected to DB...  
2022-06-07 21:24:32 - [INFO] - Connecting to Db...  
2022-06-07 21:24:34 - [INFO] - Connected to DB...  
2022-06-07 21:25:28 - [INFO] - Connecting to Db...  
2022-06-07 21:25:30 - [INFO] - Connected to DB...  
2022-06-07 21:27:49 - [INFO] - Connecting to Db...  
2022-06-07 21:27:51 - [INFO] - Connected to DB...  
2022-06-07 21:29:22 - [INFO] - Connecting to Db...  
2022-06-07 21:29:24 - [INFO] - Connected to DB...  
2022-06-07 21:31:12 - [ERROR] - Cannot read property 'length' of undefined   - TypeError: Cannot read property 'length' of undefined
    at influencerButtons (file:///C:/Users/djeks/Desktop/TelegramBot/Scenes/Proposal/markup.js:22:11)
    at descriptionStep (file:///C:/Users/djeks/Desktop/TelegramBot/Scenes/Proposal/handlers.js:87:7)
    at processTicksAndRejections (node:internal/process/task_queues:96:5)
    at async execute (C:\Users\djeks\Desktop\TelegramBot\node_modules\telegraf\lib\composer.js:468:17)
    at async C:\Users\djeks\Desktop\TelegramBot\node_modules\telegraf\lib\composer.js:469:21
    at async execute (C:\Users\djeks\Desktop\TelegramBot\node_modules\telegraf\lib\composer.js:468:17)
    at async C:\Users\djeks\Desktop\TelegramBot\node_modules\telegraf\lib\composer.js:469:21
    at async execute (C:\Users\djeks\Desktop\TelegramBot\node_modules\telegraf\lib\composer.js:468:17)
    at async C:\Users\djeks\Desktop\TelegramBot\node_modules\telegraf\lib\composer.js:469:21
    at async execute (C:\Users\djeks\Desktop\TelegramBot\node_modules\telegraf\lib\composer.js:468:17)
2022-06-07 21:31:53 - [INFO] - Connecting to Db...  
2022-06-07 21:31:55 - [INFO] - Connected to DB...  
2022-06-07 21:32:38 - [ERROR] - 400: Bad Request: message is not modified: specified new message content and reply markup are exactly the same as a current content and reply markup of the message   - Error: 400: Bad Request: message is not modified: specified new message content and reply markup are exactly the same as a current content and reply markup of the message
    at Telegram.callApi (C:\Users\djeks\Desktop\TelegramBot\node_modules\telegraf\lib\core\network\client.js:265:19)
    at processTicksAndRejections (node:internal/process/task_queues:96:5)
    at async influencerSelectionActions (file:///C:/Users/djeks/Desktop/TelegramBot/Scenes/Proposal/handlers.js:152:12)
    at async execute (C:\Users\djeks\Desktop\TelegramBot\node_modules\telegraf\lib\composer.js:468:17)
    at async C:\Users\djeks\Desktop\TelegramBot\node_modules\telegraf\lib\composer.js:469:21
    at async execute (C:\Users\djeks\Desktop\TelegramBot\node_modules\telegraf\lib\composer.js:468:17)
    at async C:\Users\djeks\Desktop\TelegramBot\node_modules\telegraf\lib\composer.js:469:21
    at async execute (C:\Users\djeks\Desktop\TelegramBot\node_modules\telegraf\lib\composer.js:468:17)
    at async C:\Users\djeks\Desktop\TelegramBot\node_modules\telegraf\lib\composer.js:469:21
    at async execute (C:\Users\djeks\Desktop\TelegramBot\node_modules\telegraf\lib\composer.js:468:17)
2022-06-07 21:34:08 - [INFO] - Connecting to Db...  
2022-06-07 21:34:10 - [INFO] - Connected to DB...  
2022-06-07 21:36:22 - [INFO] - Connecting to Db...  
2022-06-07 21:36:24 - [INFO] - Connected to DB...  
2022-06-07 21:37:23 - [ERROR] - 400: Bad Request: message is not modified: specified new message content and reply markup are exactly the same as a current content and reply markup of the message   - Error: 400: Bad Request: message is not modified: specified new message content and reply markup are exactly the same as a current content and reply markup of the message
    at Telegram.callApi (C:\Users\djeks\Desktop\TelegramBot\node_modules\telegraf\lib\core\network\client.js:265:19)
    at processTicksAndRejections (node:internal/process/task_queues:96:5)
    at async influencerSelectionActions (file:///C:/Users/djeks/Desktop/TelegramBot/Scenes/Proposal/handlers.js:154:12)
    at async execute (C:\Users\djeks\Desktop\TelegramBot\node_modules\telegraf\lib\composer.js:468:17)
    at async C:\Users\djeks\Desktop\TelegramBot\node_modules\telegraf\lib\composer.js:469:21
    at async execute (C:\Users\djeks\Desktop\TelegramBot\node_modules\telegraf\lib\composer.js:468:17)
    at async C:\Users\djeks\Desktop\TelegramBot\node_modules\telegraf\lib\composer.js:469:21
    at async execute (C:\Users\djeks\Desktop\TelegramBot\node_modules\telegraf\lib\composer.js:468:17)
    at async C:\Users\djeks\Desktop\TelegramBot\node_modules\telegraf\lib\composer.js:469:21
    at async execute (C:\Users\djeks\Desktop\TelegramBot\node_modules\telegraf\lib\composer.js:468:17)
2022-06-07 21:38:10 - [INFO] - Connecting to Db...  
2022-06-07 21:38:12 - [INFO] - Connected to DB...  
2022-06-07 21:46:05 - [INFO] - Connecting to Db...  
2022-06-07 21:46:07 - [INFO] - Connected to DB...  
2022-06-07 21:46:37 - [INFO] - Connecting to Db...  
2022-06-07 21:46:39 - [INFO] - Connected to DB...  
2022-06-07 21:46:42 - [ERROR] - Schema hasn't been registered for model "tg-packages".
Use mongoose.model(name, schema)   - MissingSchemaError: Schema hasn't been registered for model "tg-packages".
Use mongoose.model(name, schema)
    at NativeConnection.Connection.model (C:\Users\djeks\Desktop\TelegramBot\node_modules\mongoose\lib\connection.js:1164:11)
    at _getModelFromConn (C:\Users\djeks\Desktop\TelegramBot\node_modules\mongoose\lib\helpers\populate\getModelsMapForPopulate.js:579:15)
    at addModelNamesToMap (C:\Users\djeks\Desktop\TelegramBot\node_modules\mongoose\lib\helpers\populate\getModelsMapForPopulate.js:505:17)
    at getModelsMapForPopulate (C:\Users\djeks\Desktop\TelegramBot\node_modules\mongoose\lib\helpers\populate\getModelsMapForPopulate.js:199:7)
    at populate (C:\Users\djeks\Desktop\TelegramBot\node_modules\mongoose\lib\model.js:4508:21)
    at _populate (C:\Users\djeks\Desktop\TelegramBot\node_modules\mongoose\lib\model.js:4468:5)
    at C:\Users\djeks\Desktop\TelegramBot\node_modules\mongoose\lib\model.js:4446:5
    at promiseOrCallback (C:\Users\djeks\Desktop\TelegramBot\node_modules\mongoose\lib\helpers\promiseOrCallback.js:10:12)
    at Mongoose._promiseOrCallback (C:\Users\djeks\Desktop\TelegramBot\node_modules\mongoose\lib\index.js:1181:10)
    at Function.Model.populate (C:\Users\djeks\Desktop\TelegramBot\node_modules\mongoose\lib\model.js:4444:23)
2022-06-07 21:47:19 - [INFO] - Connecting to Db...  
2022-06-07 21:47:21 - [INFO] - Connected to DB...  
2022-06-07 21:48:30 - [INFO] - Connecting to Db...  
2022-06-07 21:48:32 - [INFO] - Connected to DB...  
2022-06-07 21:48:35 - [INFO] - Connecting to Db...  
2022-06-07 21:48:37 - [INFO] - Connected to DB...  
2022-06-07 21:49:04 - [INFO] - Connecting to Db...  
2022-06-07 21:49:06 - [INFO] - Connected to DB...  
2022-06-07 21:49:57 - [INFO] - Connecting to Db...  
2022-06-07 21:49:59 - [INFO] - Connected to DB...  
2022-06-07 21:50:02 - [ERROR] - 400: Bad Request: query is too old and response timeout expired or query ID is invalid   - Error: 400: Bad Request: query is too old and response timeout expired or query ID is invalid
    at Telegram.callApi (C:\Users\djeks\Desktop\TelegramBot\node_modules\telegraf\lib\core\network\client.js:265:19)
    at processTicksAndRejections (node:internal/process/task_queues:96:5)
    at async file:///C:/Users/djeks/Desktop/TelegramBot/Composers/actions/index.js:46:12
    at async execute (C:\Users\djeks\Desktop\TelegramBot\node_modules\telegraf\lib\composer.js:468:17)
    at async C:\Users\djeks\Desktop\TelegramBot\node_modules\telegraf\lib\composer.js:469:21
    at async execute (C:\Users\djeks\Desktop\TelegramBot\node_modules\telegraf\lib\composer.js:468:17)
    at async C:\Users\djeks\Desktop\TelegramBot\node_modules\telegraf\lib\composer.js:469:21
    at async execute (C:\Users\djeks\Desktop\TelegramBot\node_modules\telegraf\lib\composer.js:468:17)
    at async C:\Users\djeks\Desktop\TelegramBot\node_modules\telegraf\lib\composer.js:469:21
    at async execute (C:\Users\djeks\Desktop\TelegramBot\node_modules\telegraf\lib\composer.js:468:17)
2022-06-07 21:50:16 - [INFO] - Connecting to Db...  
2022-06-07 21:50:17 - [INFO] - Connected to DB...  
2022-06-07 21:52:25 - [INFO] - Connecting to Db...  
2022-06-07 21:52:26 - [INFO] - Connected to DB...  
2022-06-07 21:56:38 - [INFO] - Connecting to Db...  
2022-06-07 21:56:40 - [INFO] - Connected to DB...  
2022-06-07 21:56:52 - [INFO] - Connecting to Db...  
2022-06-07 21:56:54 - [INFO] - Connected to DB...  
2022-06-07 21:57:11 - [INFO] - Connecting to Db...  
2022-06-07 21:57:12 - [INFO] - Connected to DB...  
2022-06-07 21:57:51 - [INFO] - Connecting to Db...  
2022-06-07 21:57:53 - [INFO] - Connected to DB...  
2022-06-07 21:57:56 - [ERROR] - 400: Bad Request: query is too old and response timeout expired or query ID is invalid   - Error: 400: Bad Request: query is too old and response timeout expired or query ID is invalid
    at Telegram.callApi (C:\Users\djeks\Desktop\TelegramBot\node_modules\telegraf\lib\core\network\client.js:265:19)
    at processTicksAndRejections (node:internal/process/task_queues:96:5)
    at async file:///C:/Users/djeks/Desktop/TelegramBot/Composers/actions/index.js:46:12
    at async execute (C:\Users\djeks\Desktop\TelegramBot\node_modules\telegraf\lib\composer.js:468:17)
    at async C:\Users\djeks\Desktop\TelegramBot\node_modules\telegraf\lib\composer.js:469:21
    at async execute (C:\Users\djeks\Desktop\TelegramBot\node_modules\telegraf\lib\composer.js:468:17)
    at async C:\Users\djeks\Desktop\TelegramBot\node_modules\telegraf\lib\composer.js:469:21
    at async execute (C:\Users\djeks\Desktop\TelegramBot\node_modules\telegraf\lib\composer.js:468:17)
    at async C:\Users\djeks\Desktop\TelegramBot\node_modules\telegraf\lib\composer.js:469:21
    at async execute (C:\Users\djeks\Desktop\TelegramBot\node_modules\telegraf\lib\composer.js:468:17)
2022-06-07 21:58:08 - [INFO] - Connecting to Db...  
2022-06-07 21:58:10 - [INFO] - Connected to DB...  
2022-06-07 21:58:39 - [INFO] - Connecting to Db...  
2022-06-07 21:58:40 - [INFO] - Connected to DB...  
2022-06-07 21:59:21 - [INFO] - Connecting to Db...  
2022-06-07 21:59:22 - [INFO] - Connected to DB...  
2022-06-07 22:00:08 - [INFO] - Connecting to Db...  
2022-06-07 22:00:10 - [INFO] - Connected to DB...  
2022-06-07 22:00:41 - [ERROR] - Cannot read property 'name' of undefined   - TypeError: Cannot read property 'name' of undefined
    at myproposals (file:///C:/Users/djeks/Desktop/TelegramBot/Composers/commands/handlers.js:42:25)
    at processTicksAndRejections (node:internal/process/task_queues:96:5)
2022-06-07 22:01:02 - [INFO] - Connecting to Db...  
2022-06-07 22:01:04 - [INFO] - Connected to DB...  
2022-06-07 22:02:30 - [INFO] - Connecting to Db...  
2022-06-07 22:02:34 - [INFO] - Connected to DB...  
