2022-06-07 11:53:03 - [ERROR] - socialButtonsForRegistry is not defined   - ReferenceError: socialButtonsForRegistry is not defined
    at addSocial (file:///C:/Users/djeks/Desktop/TelegramBot/Scenes/Registry/handlers.js:93:15)
    at C:\Users\djeks\Desktop\TelegramBot\node_modules\telegraf\lib\composer.js:332:28
    at C:\Users\djeks\Desktop\TelegramBot\node_modules\telegraf\lib\composer.js:163:111
    at processTicksAndRejections (node:internal/process/task_queues:96:5)
    at async execute (C:\Users\djeks\Desktop\TelegramBot\node_modules\telegraf\lib\composer.js:468:17)
    at async C:\Users\djeks\Desktop\TelegramBot\node_modules\telegraf\lib\composer.js:469:21
    at async execute (C:\Users\djeks\Desktop\TelegramBot\node_modules\telegraf\lib\composer.js:468:17)
    at async C:\Users\djeks\Desktop\TelegramBot\node_modules\telegraf\lib\composer.js:469:21
    at async execute (C:\Users\djeks\Desktop\TelegramBot\node_modules\telegraf\lib\composer.js:468:17)
    at async C:\Users\djeks\Desktop\TelegramBot\node_modules\telegraf\lib\composer.js:469:21
2022-06-07 16:55:39 - [ERROR] - Cannot read property '_id' of undefined   - TypeError: Cannot read property '_id' of undefined
    at rejectAdminProposal_approvedCase (file:///C:/Users/djeks/Desktop/TelegramBot/Composers/actions/admin.js:107:68)
    at processTicksAndRejections (node:internal/process/task_queues:96:5)
    at async execute (C:\Users\djeks\Desktop\TelegramBot\node_modules\telegraf\lib\composer.js:468:17)
    at async C:\Users\djeks\Desktop\TelegramBot\node_modules\telegraf\lib\composer.js:469:21
    at async execute (C:\Users\djeks\Desktop\TelegramBot\node_modules\telegraf\lib\composer.js:468:17)
    at async C:\Users\djeks\Desktop\TelegramBot\node_modules\telegraf\lib\composer.js:469:21
    at async execute (C:\Users\djeks\Desktop\TelegramBot\node_modules\telegraf\lib\composer.js:468:17)
    at async C:\Users\djeks\Desktop\TelegramBot\node_modules\telegraf\lib\composer.js:469:21
    at async execute (C:\Users\djeks\Desktop\TelegramBot\node_modules\telegraf\lib\composer.js:468:17)
    at async C:\Users\djeks\Desktop\TelegramBot\node_modules\telegraf\lib\composer.js:469:21
2022-06-07 16:56:14 - [ERROR] - Cannot read property 'username' of null   - TypeError: Cannot read property 'username' of null
    at approveProposal (file:///C:/Users/djeks/Desktop/TelegramBot/Composers/actions/admin.js:19:74)
    at processTicksAndRejections (node:internal/process/task_queues:96:5)
    at async file:///C:/Users/djeks/Desktop/TelegramBot/Composers/actions/index.js:57:7
    at async execute (C:\Users\djeks\Desktop\TelegramBot\node_modules\telegraf\lib\composer.js:468:17)
    at async C:\Users\djeks\Desktop\TelegramBot\node_modules\telegraf\lib\composer.js:469:21
    at async execute (C:\Users\djeks\Desktop\TelegramBot\node_modules\telegraf\lib\composer.js:468:17)
    at async C:\Users\djeks\Desktop\TelegramBot\node_modules\telegraf\lib\composer.js:469:21
    at async execute (C:\Users\djeks\Desktop\TelegramBot\node_modules\telegraf\lib\composer.js:468:17)
    at async C:\Users\djeks\Desktop\TelegramBot\node_modules\telegraf\lib\composer.js:469:21
    at async execute (C:\Users\djeks\Desktop\TelegramBot\node_modules\telegraf\lib\composer.js:468:17)
2022-06-07 16:57:29 - [ERROR] - Cannot read property 'username' of null   - TypeError: Cannot read property 'username' of null
    at approveProposal (file:///C:/Users/djeks/Desktop/TelegramBot/Composers/actions/admin.js:23:52)
    at file:///C:/Users/djeks/Desktop/TelegramBot/Composers/actions/index.js:57:13
    at processTicksAndRejections (node:internal/process/task_queues:96:5)
    at async execute (C:\Users\djeks\Desktop\TelegramBot\node_modules\telegraf\lib\composer.js:468:17)
    at async C:\Users\djeks\Desktop\TelegramBot\node_modules\telegraf\lib\composer.js:469:21
    at async execute (C:\Users\djeks\Desktop\TelegramBot\node_modules\telegraf\lib\composer.js:468:17)
    at async C:\Users\djeks\Desktop\TelegramBot\node_modules\telegraf\lib\composer.js:469:21
    at async execute (C:\Users\djeks\Desktop\TelegramBot\node_modules\telegraf\lib\composer.js:468:17)
    at async C:\Users\djeks\Desktop\TelegramBot\node_modules\telegraf\lib\composer.js:469:21
    at async execute (C:\Users\djeks\Desktop\TelegramBot\node_modules\telegraf\lib\composer.js:468:17)
2022-06-07 16:58:48 - [ERROR] - Cannot read property 'username' of null   - TypeError: Cannot read property 'username' of null
    at approveProposal (file:///C:/Users/djeks/Desktop/TelegramBot/Composers/actions/admin.js:23:52)
    at file:///C:/Users/djeks/Desktop/TelegramBot/Composers/actions/index.js:57:13
    at processTicksAndRejections (node:internal/process/task_queues:96:5)
    at async execute (C:\Users\djeks\Desktop\TelegramBot\node_modules\telegraf\lib\composer.js:468:17)
    at async C:\Users\djeks\Desktop\TelegramBot\node_modules\telegraf\lib\composer.js:469:21
    at async execute (C:\Users\djeks\Desktop\TelegramBot\node_modules\telegraf\lib\composer.js:468:17)
    at async C:\Users\djeks\Desktop\TelegramBot\node_modules\telegraf\lib\composer.js:469:21
    at async execute (C:\Users\djeks\Desktop\TelegramBot\node_modules\telegraf\lib\composer.js:468:17)
    at async C:\Users\djeks\Desktop\TelegramBot\node_modules\telegraf\lib\composer.js:469:21
    at async execute (C:\Users\djeks\Desktop\TelegramBot\node_modules\telegraf\lib\composer.js:468:17)
2022-06-07 19:52:08 - [ERROR] - pkg is not defined   - ReferenceError: pkg is not defined
    at approveIndividual (file:///C:/Users/djeks/Desktop/TelegramBot/Composers/actions/admin.js:68:46)
    at file:///C:/Users/djeks/Desktop/TelegramBot/Composers/actions/index.js:60:13
    at processTicksAndRejections (node:internal/process/task_queues:96:5)
    at async execute (C:\Users\djeks\Desktop\TelegramBot\node_modules\telegraf\lib\composer.js:468:17)
    at async C:\Users\djeks\Desktop\TelegramBot\node_modules\telegraf\lib\composer.js:469:21
    at async execute (C:\Users\djeks\Desktop\TelegramBot\node_modules\telegraf\lib\composer.js:468:17)
    at async C:\Users\djeks\Desktop\TelegramBot\node_modules\telegraf\lib\composer.js:469:21
    at async execute (C:\Users\djeks\Desktop\TelegramBot\node_modules\telegraf\lib\composer.js:468:17)
    at async C:\Users\djeks\Desktop\TelegramBot\node_modules\telegraf\lib\composer.js:469:21
    at async execute (C:\Users\djeks\Desktop\TelegramBot\node_modules\telegraf\lib\composer.js:468:17)
2022-06-07 19:52:51 - [ERROR] - Cannot read property 'influencer' of undefined   - TypeError: Cannot read property 'influencer' of undefined
    at approveIndividual (file:///C:/Users/djeks/Desktop/TelegramBot/Composers/actions/admin.js:69:51)
    at file:///C:/Users/djeks/Desktop/TelegramBot/Composers/actions/index.js:60:13
    at processTicksAndRejections (node:internal/process/task_queues:96:5)
    at async execute (C:\Users\djeks\Desktop\TelegramBot\node_modules\telegraf\lib\composer.js:468:17)
    at async C:\Users\djeks\Desktop\TelegramBot\node_modules\telegraf\lib\composer.js:469:21
    at async execute (C:\Users\djeks\Desktop\TelegramBot\node_modules\telegraf\lib\composer.js:468:17)
    at async C:\Users\djeks\Desktop\TelegramBot\node_modules\telegraf\lib\composer.js:469:21
    at async execute (C:\Users\djeks\Desktop\TelegramBot\node_modules\telegraf\lib\composer.js:468:17)
    at async C:\Users\djeks\Desktop\TelegramBot\node_modules\telegraf\lib\composer.js:469:21
    at async execute (C:\Users\djeks\Desktop\TelegramBot\node_modules\telegraf\lib\composer.js:468:17)
2022-06-07 19:53:46 - [ERROR] - Cannot read property 'influencer' of undefined   - TypeError: Cannot read property 'influencer' of undefined
    at approveIndividual (file:///C:/Users/djeks/Desktop/TelegramBot/Composers/actions/admin.js:70:51)
    at file:///C:/Users/djeks/Desktop/TelegramBot/Composers/actions/index.js:60:13
    at processTicksAndRejections (node:internal/process/task_queues:96:5)
    at async execute (C:\Users\djeks\Desktop\TelegramBot\node_modules\telegraf\lib\composer.js:468:17)
    at async C:\Users\djeks\Desktop\TelegramBot\node_modules\telegraf\lib\composer.js:469:21
    at async execute (C:\Users\djeks\Desktop\TelegramBot\node_modules\telegraf\lib\composer.js:468:17)
    at async C:\Users\djeks\Desktop\TelegramBot\node_modules\telegraf\lib\composer.js:469:21
    at async execute (C:\Users\djeks\Desktop\TelegramBot\node_modules\telegraf\lib\composer.js:468:17)
    at async C:\Users\djeks\Desktop\TelegramBot\node_modules\telegraf\lib\composer.js:469:21
    at async execute (C:\Users\djeks\Desktop\TelegramBot\node_modules\telegraf\lib\composer.js:468:17)
2022-06-07 19:54:07 - [ERROR] - Cannot read property 'influencer' of undefined   - TypeError: Cannot read property 'influencer' of undefined
    at approveIndividual (file:///C:/Users/djeks/Desktop/TelegramBot/Composers/actions/admin.js:70:51)
    at file:///C:/Users/djeks/Desktop/TelegramBot/Composers/actions/index.js:60:13
    at processTicksAndRejections (node:internal/process/task_queues:96:5)
    at async execute (C:\Users\djeks\Desktop\TelegramBot\node_modules\telegraf\lib\composer.js:468:17)
    at async C:\Users\djeks\Desktop\TelegramBot\node_modules\telegraf\lib\composer.js:469:21
    at async execute (C:\Users\djeks\Desktop\TelegramBot\node_modules\telegraf\lib\composer.js:468:17)
    at async C:\Users\djeks\Desktop\TelegramBot\node_modules\telegraf\lib\composer.js:469:21
    at async execute (C:\Users\djeks\Desktop\TelegramBot\node_modules\telegraf\lib\composer.js:468:17)
    at async C:\Users\djeks\Desktop\TelegramBot\node_modules\telegraf\lib\composer.js:469:21
    at async execute (C:\Users\djeks\Desktop\TelegramBot\node_modules\telegraf\lib\composer.js:468:17)
2022-06-07 19:55:28 - [ERROR] - Mongoose does not support calling populate() on nested docs. Instead of `doc.arr[0].populate("path")`, use `doc.populate("arr.0.path")`   - Error: Mongoose does not support calling populate() on nested docs. Instead of `doc.arr[0].populate("path")`, use `doc.populate("arr.0.path")`
    at EmbeddedDocument.ArraySubdocument.populate (C:\Users\djeks\Desktop\TelegramBot\node_modules\mongoose\lib\types\ArraySubdocument.js:79:9)
    at approveIndividual (file:///C:/Users/djeks/Desktop/TelegramBot/Composers/actions/admin.js:58:38)
    at file:///C:/Users/djeks/Desktop/TelegramBot/Composers/actions/index.js:60:13
    at processTicksAndRejections (node:internal/process/task_queues:96:5)
    at async execute (C:\Users\djeks\Desktop\TelegramBot\node_modules\telegraf\lib\composer.js:468:17)
    at async C:\Users\djeks\Desktop\TelegramBot\node_modules\telegraf\lib\composer.js:469:21
    at async execute (C:\Users\djeks\Desktop\TelegramBot\node_modules\telegraf\lib\composer.js:468:17)
    at async C:\Users\djeks\Desktop\TelegramBot\node_modules\telegraf\lib\composer.js:469:21
    at async execute (C:\Users\djeks\Desktop\TelegramBot\node_modules\telegraf\lib\composer.js:468:17)
    at async C:\Users\djeks\Desktop\TelegramBot\node_modules\telegraf\lib\composer.js:469:21
2022-06-07 20:15:27 - [ERROR] - influencer is not defined   - ReferenceError: influencer is not defined
    at approveIndividual (file:///C:/Users/djeks/Desktop/TelegramBot/Composers/actions/admin.js:64:19)
    at processTicksAndRejections (node:internal/process/task_queues:96:5)
    at async file:///C:/Users/djeks/Desktop/TelegramBot/Composers/actions/index.js:60:7
    at async execute (C:\Users\djeks\Desktop\TelegramBot\node_modules\telegraf\lib\composer.js:468:17)
    at async C:\Users\djeks\Desktop\TelegramBot\node_modules\telegraf\lib\composer.js:469:21
    at async execute (C:\Users\djeks\Desktop\TelegramBot\node_modules\telegraf\lib\composer.js:468:17)
    at async C:\Users\djeks\Desktop\TelegramBot\node_modules\telegraf\lib\composer.js:469:21
    at async execute (C:\Users\djeks\Desktop\TelegramBot\node_modules\telegraf\lib\composer.js:468:17)
    at async C:\Users\djeks\Desktop\TelegramBot\node_modules\telegraf\lib\composer.js:469:21
    at async execute (C:\Users\djeks\Desktop\TelegramBot\node_modules\telegraf\lib\composer.js:468:17)
2022-06-07 20:47:23 - [ERROR] - Schema hasn't been registered for model "tg-packages".
Use mongoose.model(name, schema)   - MissingSchemaError: Schema hasn't been registered for model "tg-packages".
Use mongoose.model(name, schema)
    at NativeConnection.Connection.model (C:\Users\djeks\Desktop\TelegramBot\node_modules\mongoose\lib\connection.js:1164:11)
    at _getModelFromConn (C:\Users\djeks\Desktop\TelegramBot\node_modules\mongoose\lib\helpers\populate\getModelsMapForPopulate.js:579:15)
    at addModelNamesToMap (C:\Users\djeks\Desktop\TelegramBot\node_modules\mongoose\lib\helpers\populate\getModelsMapForPopulate.js:505:17)
    at getModelsMapForPopulate (C:\Users\djeks\Desktop\TelegramBot\node_modules\mongoose\lib\helpers\populate\getModelsMapForPopulate.js:199:7)
    at populate (C:\Users\djeks\Desktop\TelegramBot\node_modules\mongoose\lib\model.js:4508:21)
    at _populate (C:\Users\djeks\Desktop\TelegramBot\node_modules\mongoose\lib\model.js:4468:5)
    at C:\Users\djeks\Desktop\TelegramBot\node_modules\mongoose\lib\model.js:4446:5
    at promiseOrCallback (C:\Users\djeks\Desktop\TelegramBot\node_modules\mongoose\lib\helpers\promiseOrCallback.js:10:12)
    at Mongoose._promiseOrCallback (C:\Users\djeks\Desktop\TelegramBot\node_modules\mongoose\lib\index.js:1181:10)
    at Function.Model.populate (C:\Users\djeks\Desktop\TelegramBot\node_modules\mongoose\lib\model.js:4444:23)
2022-06-07 20:48:06 - [ERROR] - Schema hasn't been registered for model "tg-packages".
Use mongoose.model(name, schema)   - MissingSchemaError: Schema hasn't been registered for model "tg-packages".
Use mongoose.model(name, schema)
    at NativeConnection.Connection.model (C:\Users\djeks\Desktop\TelegramBot\node_modules\mongoose\lib\connection.js:1164:11)
    at _getModelFromConn (C:\Users\djeks\Desktop\TelegramBot\node_modules\mongoose\lib\helpers\populate\getModelsMapForPopulate.js:579:15)
    at addModelNamesToMap (C:\Users\djeks\Desktop\TelegramBot\node_modules\mongoose\lib\helpers\populate\getModelsMapForPopulate.js:505:17)
    at getModelsMapForPopulate (C:\Users\djeks\Desktop\TelegramBot\node_modules\mongoose\lib\helpers\populate\getModelsMapForPopulate.js:199:7)
    at populate (C:\Users\djeks\Desktop\TelegramBot\node_modules\mongoose\lib\model.js:4508:21)
    at _populate (C:\Users\djeks\Desktop\TelegramBot\node_modules\mongoose\lib\model.js:4468:5)
    at C:\Users\djeks\Desktop\TelegramBot\node_modules\mongoose\lib\model.js:4446:5
    at promiseOrCallback (C:\Users\djeks\Desktop\TelegramBot\node_modules\mongoose\lib\helpers\promiseOrCallback.js:10:12)
    at Mongoose._promiseOrCallback (C:\Users\djeks\Desktop\TelegramBot\node_modules\mongoose\lib\index.js:1181:10)
    at Function.Model.populate (C:\Users\djeks\Desktop\TelegramBot\node_modules\mongoose\lib\model.js:4444:23)
2022-06-07 20:48:25 - [ERROR] - Schema hasn't been registered for model "tg-packages".
Use mongoose.model(name, schema)   - MissingSchemaError: Schema hasn't been registered for model "tg-packages".
Use mongoose.model(name, schema)
    at NativeConnection.Connection.model (C:\Users\djeks\Desktop\TelegramBot\node_modules\mongoose\lib\connection.js:1164:11)
    at _getModelFromConn (C:\Users\djeks\Desktop\TelegramBot\node_modules\mongoose\lib\helpers\populate\getModelsMapForPopulate.js:579:15)
    at addModelNamesToMap (C:\Users\djeks\Desktop\TelegramBot\node_modules\mongoose\lib\helpers\populate\getModelsMapForPopulate.js:505:17)
    at getModelsMapForPopulate (C:\Users\djeks\Desktop\TelegramBot\node_modules\mongoose\lib\helpers\populate\getModelsMapForPopulate.js:199:7)
    at populate (C:\Users\djeks\Desktop\TelegramBot\node_modules\mongoose\lib\model.js:4508:21)
    at _populate (C:\Users\djeks\Desktop\TelegramBot\node_modules\mongoose\lib\model.js:4468:5)
    at C:\Users\djeks\Desktop\TelegramBot\node_modules\mongoose\lib\model.js:4446:5
    at promiseOrCallback (C:\Users\djeks\Desktop\TelegramBot\node_modules\mongoose\lib\helpers\promiseOrCallback.js:10:12)
    at Mongoose._promiseOrCallback (C:\Users\djeks\Desktop\TelegramBot\node_modules\mongoose\lib\index.js:1181:10)
    at Function.Model.populate (C:\Users\djeks\Desktop\TelegramBot\node_modules\mongoose\lib\model.js:4444:23)
2022-06-07 20:49:16 - [ERROR] - Schema hasn't been registered for model "tg-packages".
Use mongoose.model(name, schema)   - MissingSchemaError: Schema hasn't been registered for model "tg-packages".
Use mongoose.model(name, schema)
    at NativeConnection.Connection.model (C:\Users\djeks\Desktop\TelegramBot\node_modules\mongoose\lib\connection.js:1164:11)
    at _getModelFromConn (C:\Users\djeks\Desktop\TelegramBot\node_modules\mongoose\lib\helpers\populate\getModelsMapForPopulate.js:579:15)
    at addModelNamesToMap (C:\Users\djeks\Desktop\TelegramBot\node_modules\mongoose\lib\helpers\populate\getModelsMapForPopulate.js:505:17)
    at getModelsMapForPopulate (C:\Users\djeks\Desktop\TelegramBot\node_modules\mongoose\lib\helpers\populate\getModelsMapForPopulate.js:199:7)
    at populate (C:\Users\djeks\Desktop\TelegramBot\node_modules\mongoose\lib\model.js:4508:21)
    at _populate (C:\Users\djeks\Desktop\TelegramBot\node_modules\mongoose\lib\model.js:4468:5)
    at C:\Users\djeks\Desktop\TelegramBot\node_modules\mongoose\lib\model.js:4446:5
    at promiseOrCallback (C:\Users\djeks\Desktop\TelegramBot\node_modules\mongoose\lib\helpers\promiseOrCallback.js:10:12)
    at Mongoose._promiseOrCallback (C:\Users\djeks\Desktop\TelegramBot\node_modules\mongoose\lib\index.js:1181:10)
    at Function.Model.populate (C:\Users\djeks\Desktop\TelegramBot\node_modules\mongoose\lib\model.js:4444:23)
2022-06-07 20:50:15 - [ERROR] - Cast to ObjectId failed for value "{
  influencer: {
    _id: new ObjectId("6299f241e16b3ca288e29dce"),
    chatID: 1265678052,
    name: 'Ali',
    userID: 1265678052,
    username: 'kiwiphantom',
    __v: 1,
    packages: [ [Object] ],
    requirement: 'I don’t have any requirement',
    socials: [ [Object] ],
    status: 'active',
    wallet: '1hxudjjebrhdisj66262'
  },
  package: '6299f32ce41e8f399a756b22'
}" (type Object) at path "packages" for model "tg-proposal"   - CastError: Cast to ObjectId failed for value "{
  influencer: {
    _id: new ObjectId("6299f241e16b3ca288e29dce"),
    chatID: 1265678052,
    name: 'Ali',
    userID: 1265678052,
    username: 'kiwiphantom',
    __v: 1,
    packages: [ [Object] ],
    requirement: 'I don’t have any requirement',
    socials: [ [Object] ],
    status: 'active',
    wallet: '1hxudjjebrhdisj66262'
  },
  package: '6299f32ce41e8f399a756b22'
}" (type Object) at path "packages" for model "tg-proposal"
    at model.Query.exec (C:\Users\djeks\Desktop\TelegramBot\node_modules\mongoose\lib\query.js:4719:21)
    at model.Query.Query.then (C:\Users\djeks\Desktop\TelegramBot\node_modules\mongoose\lib\query.js:4818:15)
    at processTicksAndRejections (node:internal/process/task_queues:96:5)
2022-06-07 21:31:12 - [ERROR] - Cannot read property 'length' of undefined   - TypeError: Cannot read property 'length' of undefined
    at influencerButtons (file:///C:/Users/djeks/Desktop/TelegramBot/Scenes/Proposal/markup.js:22:11)
    at descriptionStep (file:///C:/Users/djeks/Desktop/TelegramBot/Scenes/Proposal/handlers.js:87:7)
    at processTicksAndRejections (node:internal/process/task_queues:96:5)
    at async execute (C:\Users\djeks\Desktop\TelegramBot\node_modules\telegraf\lib\composer.js:468:17)
    at async C:\Users\djeks\Desktop\TelegramBot\node_modules\telegraf\lib\composer.js:469:21
    at async execute (C:\Users\djeks\Desktop\TelegramBot\node_modules\telegraf\lib\composer.js:468:17)
    at async C:\Users\djeks\Desktop\TelegramBot\node_modules\telegraf\lib\composer.js:469:21
    at async execute (C:\Users\djeks\Desktop\TelegramBot\node_modules\telegraf\lib\composer.js:468:17)
    at async C:\Users\djeks\Desktop\TelegramBot\node_modules\telegraf\lib\composer.js:469:21
    at async execute (C:\Users\djeks\Desktop\TelegramBot\node_modules\telegraf\lib\composer.js:468:17)
2022-06-07 21:32:38 - [ERROR] - 400: Bad Request: message is not modified: specified new message content and reply markup are exactly the same as a current content and reply markup of the message   - Error: 400: Bad Request: message is not modified: specified new message content and reply markup are exactly the same as a current content and reply markup of the message
    at Telegram.callApi (C:\Users\djeks\Desktop\TelegramBot\node_modules\telegraf\lib\core\network\client.js:265:19)
    at processTicksAndRejections (node:internal/process/task_queues:96:5)
    at async influencerSelectionActions (file:///C:/Users/djeks/Desktop/TelegramBot/Scenes/Proposal/handlers.js:152:12)
    at async execute (C:\Users\djeks\Desktop\TelegramBot\node_modules\telegraf\lib\composer.js:468:17)
    at async C:\Users\djeks\Desktop\TelegramBot\node_modules\telegraf\lib\composer.js:469:21
    at async execute (C:\Users\djeks\Desktop\TelegramBot\node_modules\telegraf\lib\composer.js:468:17)
    at async C:\Users\djeks\Desktop\TelegramBot\node_modules\telegraf\lib\composer.js:469:21
    at async execute (C:\Users\djeks\Desktop\TelegramBot\node_modules\telegraf\lib\composer.js:468:17)
    at async C:\Users\djeks\Desktop\TelegramBot\node_modules\telegraf\lib\composer.js:469:21
    at async execute (C:\Users\djeks\Desktop\TelegramBot\node_modules\telegraf\lib\composer.js:468:17)
2022-06-07 21:37:23 - [ERROR] - 400: Bad Request: message is not modified: specified new message content and reply markup are exactly the same as a current content and reply markup of the message   - Error: 400: Bad Request: message is not modified: specified new message content and reply markup are exactly the same as a current content and reply markup of the message
    at Telegram.callApi (C:\Users\djeks\Desktop\TelegramBot\node_modules\telegraf\lib\core\network\client.js:265:19)
    at processTicksAndRejections (node:internal/process/task_queues:96:5)
    at async influencerSelectionActions (file:///C:/Users/djeks/Desktop/TelegramBot/Scenes/Proposal/handlers.js:154:12)
    at async execute (C:\Users\djeks\Desktop\TelegramBot\node_modules\telegraf\lib\composer.js:468:17)
    at async C:\Users\djeks\Desktop\TelegramBot\node_modules\telegraf\lib\composer.js:469:21
    at async execute (C:\Users\djeks\Desktop\TelegramBot\node_modules\telegraf\lib\composer.js:468:17)
    at async C:\Users\djeks\Desktop\TelegramBot\node_modules\telegraf\lib\composer.js:469:21
    at async execute (C:\Users\djeks\Desktop\TelegramBot\node_modules\telegraf\lib\composer.js:468:17)
    at async C:\Users\djeks\Desktop\TelegramBot\node_modules\telegraf\lib\composer.js:469:21
    at async execute (C:\Users\djeks\Desktop\TelegramBot\node_modules\telegraf\lib\composer.js:468:17)
2022-06-07 21:46:42 - [ERROR] - Schema hasn't been registered for model "tg-packages".
Use mongoose.model(name, schema)   - MissingSchemaError: Schema hasn't been registered for model "tg-packages".
Use mongoose.model(name, schema)
    at NativeConnection.Connection.model (C:\Users\djeks\Desktop\TelegramBot\node_modules\mongoose\lib\connection.js:1164:11)
    at _getModelFromConn (C:\Users\djeks\Desktop\TelegramBot\node_modules\mongoose\lib\helpers\populate\getModelsMapForPopulate.js:579:15)
    at addModelNamesToMap (C:\Users\djeks\Desktop\TelegramBot\node_modules\mongoose\lib\helpers\populate\getModelsMapForPopulate.js:505:17)
    at getModelsMapForPopulate (C:\Users\djeks\Desktop\TelegramBot\node_modules\mongoose\lib\helpers\populate\getModelsMapForPopulate.js:199:7)
    at populate (C:\Users\djeks\Desktop\TelegramBot\node_modules\mongoose\lib\model.js:4508:21)
    at _populate (C:\Users\djeks\Desktop\TelegramBot\node_modules\mongoose\lib\model.js:4468:5)
    at C:\Users\djeks\Desktop\TelegramBot\node_modules\mongoose\lib\model.js:4446:5
    at promiseOrCallback (C:\Users\djeks\Desktop\TelegramBot\node_modules\mongoose\lib\helpers\promiseOrCallback.js:10:12)
    at Mongoose._promiseOrCallback (C:\Users\djeks\Desktop\TelegramBot\node_modules\mongoose\lib\index.js:1181:10)
    at Function.Model.populate (C:\Users\djeks\Desktop\TelegramBot\node_modules\mongoose\lib\model.js:4444:23)
2022-06-07 21:50:02 - [ERROR] - 400: Bad Request: query is too old and response timeout expired or query ID is invalid   - Error: 400: Bad Request: query is too old and response timeout expired or query ID is invalid
    at Telegram.callApi (C:\Users\djeks\Desktop\TelegramBot\node_modules\telegraf\lib\core\network\client.js:265:19)
    at processTicksAndRejections (node:internal/process/task_queues:96:5)
    at async file:///C:/Users/djeks/Desktop/TelegramBot/Composers/actions/index.js:46:12
    at async execute (C:\Users\djeks\Desktop\TelegramBot\node_modules\telegraf\lib\composer.js:468:17)
    at async C:\Users\djeks\Desktop\TelegramBot\node_modules\telegraf\lib\composer.js:469:21
    at async execute (C:\Users\djeks\Desktop\TelegramBot\node_modules\telegraf\lib\composer.js:468:17)
    at async C:\Users\djeks\Desktop\TelegramBot\node_modules\telegraf\lib\composer.js:469:21
    at async execute (C:\Users\djeks\Desktop\TelegramBot\node_modules\telegraf\lib\composer.js:468:17)
    at async C:\Users\djeks\Desktop\TelegramBot\node_modules\telegraf\lib\composer.js:469:21
    at async execute (C:\Users\djeks\Desktop\TelegramBot\node_modules\telegraf\lib\composer.js:468:17)
2022-06-07 21:57:56 - [ERROR] - 400: Bad Request: query is too old and response timeout expired or query ID is invalid   - Error: 400: Bad Request: query is too old and response timeout expired or query ID is invalid
    at Telegram.callApi (C:\Users\djeks\Desktop\TelegramBot\node_modules\telegraf\lib\core\network\client.js:265:19)
    at processTicksAndRejections (node:internal/process/task_queues:96:5)
    at async file:///C:/Users/djeks/Desktop/TelegramBot/Composers/actions/index.js:46:12
    at async execute (C:\Users\djeks\Desktop\TelegramBot\node_modules\telegraf\lib\composer.js:468:17)
    at async C:\Users\djeks\Desktop\TelegramBot\node_modules\telegraf\lib\composer.js:469:21
    at async execute (C:\Users\djeks\Desktop\TelegramBot\node_modules\telegraf\lib\composer.js:468:17)
    at async C:\Users\djeks\Desktop\TelegramBot\node_modules\telegraf\lib\composer.js:469:21
    at async execute (C:\Users\djeks\Desktop\TelegramBot\node_modules\telegraf\lib\composer.js:468:17)
    at async C:\Users\djeks\Desktop\TelegramBot\node_modules\telegraf\lib\composer.js:469:21
    at async execute (C:\Users\djeks\Desktop\TelegramBot\node_modules\telegraf\lib\composer.js:468:17)
2022-06-07 22:00:41 - [ERROR] - Cannot read property 'name' of undefined   - TypeError: Cannot read property 'name' of undefined
    at myproposals (file:///C:/Users/djeks/Desktop/TelegramBot/Composers/commands/handlers.js:42:25)
    at processTicksAndRejections (node:internal/process/task_queues:96:5)
